\BOOKMARK [1][-]{section.1}{\376\377\000I\000n\000t\000r\000o\000d\000u\000c\000t\000i\000o\000n\000\040\000a\000n\000d\000\040\000P\000r\000o\000b\000l\000e\000m\000\040\000R\000e\000s\000t\000a\000t\000e\000m\000e\000n\000t}{}% 1
\BOOKMARK [1][-]{section.2}{\376\377\000A\000s\000s\000u\000m\000p\000t\000i\000o\000n\000s\000\040\000a\000n\000d\000\040\000N\000o\000t\000a\000t\000i\000o\000n\000s}{}% 2
\BOOKMARK [2][-]{subsection.2.1}{\376\377\000A\000s\000s\000u\000m\000p\000t\000i\000o\000n\000s}{section.2}% 3
\BOOKMARK [2][-]{subsection.2.2}{\376\377\000N\000o\000t\000a\000t\000i\000o\000n\000s}{section.2}% 4
\BOOKMARK [1][-]{section.3}{\376\377\000M\000\046\000M\000\040\000M\000o\000d\000e\000l}{}% 5
\BOOKMARK [2][-]{subsection.3.1}{\376\377\000M\000a\000c\000r\000o\000\040\000M\000o\000d\000e\000l}{section.3}% 6
\BOOKMARK [3][-]{subsubsection.3.1.1}{\376\377\000P\000r\000o\000b\000a\000b\000i\000l\000i\000t\000y\000\040\000M\000a\000t\000r\000i\000x}{subsection.3.1}% 7
\BOOKMARK [3][-]{subsubsection.3.1.2}{\376\377\000U\000n\000d\000e\000r\000s\000t\000a\000n\000d\000i\000n\000g\000\040\000P\000r\000o\000b\000a\000b\000i\000l\000i\000t\000y\000\040\000M\000a\000t\000r\000i\000x\000\040\000i\000n\000\040\000S\000i\000t\000u\000a\000t\000i\000o\000n\000\040\000S}{subsection.3.1}% 8
\BOOKMARK [3][-]{subsubsection.3.1.3}{\376\377\000U\000n\000d\000e\000r\000s\000t\000a\000n\000d\000i\000n\000g\000\040\000T\000i\000m\000e\000\040\000D\000e\000c\000a\000y\000\040\000F\000a\000c\000t\000o\000r\000\040\000M\000a\000t\000r\000i\000x\000\040\000a\000n\000d\000\040\000W\000e\000i\000g\000h\000t\000\040\000M\000a\000t\000r\000i\000x}{subsection.3.1}% 9
\BOOKMARK [2][-]{subsection.3.2}{\376\377\000M\000i\000c\000r\000o\000\040\000M\000o\000d\000e\000l}{section.3}% 10
\BOOKMARK [3][-]{subsubsection.3.2.1}{\376\377\000R\000a\000n\000d\000o\000m\000\040\000F\000o\000r\000e\000s\000t}{subsection.3.2}% 11
\BOOKMARK [3][-]{subsubsection.3.2.2}{\376\377\000U\000n\000d\000e\000r\000s\000t\000a\000n\000d\000i\000n\000g\000\040\000A\000d\000v\000a\000n\000t\000a\000g\000e\000\040\000M\000a\000t\000r\000i\000x}{subsection.3.2}% 12
\BOOKMARK [3][-]{subsubsection.3.2.3}{\376\377\000I\000m\000p\000r\000o\000v\000e\000m\000e\000n\000t}{subsection.3.2}% 13
\BOOKMARK [2][-]{subsection.3.3}{\376\377\000O\000u\000r\000\040\000M\000\046\000M\000\040\000M\000o\000d\000e\000l}{section.3}% 14
\BOOKMARK [3][-]{subsubsection.3.3.1}{\376\377\000U\000n\000d\000e\000r\000s\000t\000a\000n\000d\000i\000n\000g\000\040\000T\000r\000a\000n\000s\000i\000t\000i\000o\000n\000\040\000M\000a\000t\000r\000i\000x\000\040\000a\000n\000d\000\040\000M\000o\000m\000e\000n\000t\000u\000m\000\040\000M\000a\000t\000r\000i\000x}{subsection.3.3}% 15
\BOOKMARK [3][-]{subsubsection.3.3.2}{\376\377\000S\000m\000o\000o\000t\000h\000i\000n\000g\000\040\000P\000r\000o\000c\000e\000s\000s}{subsection.3.3}% 16
\BOOKMARK [3][-]{subsubsection.3.3.3}{\376\377\000C\000o\000n\000s\000e\000r\000v\000a\000t\000i\000o\000n\000\040\000o\000f\000\040\000M\000o\000m\000e\000n\000t\000u\000m}{subsection.3.3}% 17
\BOOKMARK [2][-]{subsection.3.4}{\376\377\000D\000e\000t\000e\000r\000m\000i\000n\000a\000t\000i\000o\000n\000\040\000o\000f\000\040\000M\000o\000d\000e\000l\000\040\000C\000o\000e\000f\000f\000i\000c\000i\000e\000n\000t\000s}{section.3}% 18
\BOOKMARK [1][-]{section.4}{\376\377\000M\000a\000r\000k\000o\000v\000-\000B\000T\000\040\000M\000o\000d\000e\000l\000\040\000t\000o\000\040\000P\000r\000o\000v\000e\000\040\000M\000o\000m\000e\000n\000t\000u\000m\000'\000s\000\040\000E\000f\000f\000e\000c\000t}{}% 19
\BOOKMARK [2][-]{subsection.4.1}{\376\377\000L\000i\000n\000e\000a\000r\000\040\000P\000r\000o\000b\000a\000b\000i\000l\000i\000t\000y\000\040\000M\000o\000d\000e\000l}{section.4}% 20
\BOOKMARK [2][-]{subsection.4.2}{\376\377\000M\000a\000r\000k\000o\000v\000-\000B\000T\000\040\000M\000o\000d\000e\000l}{section.4}% 21
\BOOKMARK [3][-]{subsubsection.4.2.1}{\376\377\000M\000a\000r\000k\000o\000v\000\040\000C\000h\000a\000i\000n}{subsection.4.2}% 22
\BOOKMARK [3][-]{subsubsection.4.2.2}{\376\377\000B\000r\000a\000d\000l\000e\000y\000-\000T\000e\000r\000r\000y\000\040\000M\000o\000d\000e\000l}{subsection.4.2}% 23
\BOOKMARK [2][-]{subsection.4.3}{\376\377\000A\000n\000a\000l\000y\000z\000e\000\040\000C\000o\000r\000r\000e\000l\000a\000t\000i\000o\000n\000\040\000C\000o\000e\000f\000f\000i\000c\000i\000e\000n\000t\000s\000\040\000a\000n\000d\000\040\000C\000o\000n\000d\000u\000c\000t\000\040\000H\000y\000p\000o\000t\000h\000e\000s\000i\000s\000\040\000T\000e\000s\000t\000i\000n\000g}{section.4}% 24
\BOOKMARK [3][-]{subsubsection.4.3.1}{\376\377\000S\000h\000a\000p\000i\000r\000o\000-\000W\000i\000l\000k\000\040\000T\000e\000s\000t}{subsection.4.3}% 25
\BOOKMARK [3][-]{subsubsection.4.3.2}{\376\377\000P\000e\000a\000r\000s\000o\000n\000\040\000C\000o\000r\000r\000e\000l\000a\000t\000i\000o\000n\000\040\000C\000o\000e\000f\000f\000i\000c\000i\000e\000n\000t}{subsection.4.3}% 26
\BOOKMARK [3][-]{subsubsection.4.3.3}{\376\377\000U\000s\000i\000n\000g\000\040\000t\000-\000T\000e\000s\000t\000\040\000a\000s\000\040\000H\000y\000p\000o\000t\000h\000e\000s\000i\000s\000\040\000T\000e\000s\000t\000\040\000f\000o\000r\000\040\000S\000i\000g\000n\000i\000f\000i\000c\000a\000n\000c\000e}{subsection.4.3}% 27
\BOOKMARK [1][-]{section.5}{\376\377\000P\000r\000e\000d\000i\000c\000t\000i\000o\000n\000\040\000o\000f\000\040\000M\000o\000m\000e\000n\000t\000u\000m\000\040\000S\000w\000i\000n\000g\000s\000\040\000B\000a\000s\000e\000d\000\040\000o\000n\000\040\000B\000P\000\040\000N\000e\000u\000r\000a\000l\000\040\000N\000e\000t\000w\000o\000r\000k}{}% 28
\BOOKMARK [2][-]{subsection.5.1}{\376\377\000P\000r\000e\000d\000i\000c\000t\000i\000n\000g\000\040\000M\000o\000m\000e\000n\000t\000u\000m\000\040\000C\000h\000a\000n\000g\000e\000s}{section.5}% 29
\BOOKMARK [2][-]{subsection.5.2}{\376\377\000P\000r\000e\000d\000i\000c\000t\000\040\000t\000h\000e\000\040\000T\000u\000r\000n\000i\000n\000g\000\040\000P\000o\000i\000n\000t\000\040\000o\000f\000\040\000t\000h\000e\000\040\000A\000d\000v\000a\000n\000t\000a\000g\000e\000o\000u\000s\000\040\000P\000o\000s\000i\000t\000i\000o\000n}{section.5}% 30
\BOOKMARK [2][-]{subsection.5.3}{\376\377\000A\000d\000v\000i\000c\000e\000\040\000f\000o\000r\000\040\000P\000l\000a\000y\000e\000r\000s}{section.5}% 31
\BOOKMARK [1][-]{section.6}{\376\377\000T\000e\000s\000t\000i\000n\000g\000\040\000M\000o\000d\000e\000l\000s}{}% 32
\BOOKMARK [2][-]{subsection.6.1}{\376\377\000T\000e\000s\000t\000i\000n\000g\000\040\000M\000a\000t\000c\000h\000\040\0001\000:\000\040\000A\000T\000P\000\040\000C\000h\000a\000l\000l\000e\000n\000g\000e\000r\000\040\000T\000o\000u\000r\000\040\000i\000n\000\040\0002\0000\0002\0002}{section.6}% 33
\BOOKMARK [2][-]{subsection.6.2}{\376\377\000T\000e\000s\000t\000i\000n\000g\000\040\000M\000a\000t\000c\000h\000\040\0002\000:\000\040\000B\000W\000F\000\040\000W\000o\000r\000l\000d\000\040\000T\000o\000u\000r\000\040\000W\000o\000m\000e\000n\000'\000s\000\040\000S\000i\000n\000g\000l\000e\000s\000\040\000E\000v\000e\000n\000t\000s}{section.6}% 34
\BOOKMARK [2][-]{subsection.6.3}{\376\377\000H\000e\000l\000p\000f\000u\000l\000\040\000F\000a\000c\000t\000o\000r}{section.6}% 35
\BOOKMARK [1][-]{section.7}{\376\377\000S\000e\000n\000s\000i\000t\000i\000v\000i\000t\000y\000\040\000A\000n\000a\000l\000y\000s\000i\000s}{}% 36
\BOOKMARK [1][-]{section.8}{\376\377\000S\000t\000r\000e\000n\000g\000t\000h\000\040\000a\000n\000d\000\040\000W\000e\000a\000k\000n\000e\000s\000s}{}% 37
\BOOKMARK [2][-]{subsection.8.1}{\376\377\000S\000t\000r\000e\000n\000g\000t\000h}{section.8}% 38
\BOOKMARK [2][-]{subsection.8.2}{\376\377\000W\000e\000a\000k\000n\000e\000s\000s}{section.8}% 39
\BOOKMARK [1][-]{section*.25}{\376\377\000R\000e\000f\000e\000r\000e\000n\000c\000e\000s}{}% 40
